C51 COMPILER V9.01   MUSIC                                                                 08/11/2016 16:47:00 PAGE 1   


C51 COMPILER V9.01, COMPILATION OF MODULE MUSIC
OBJECT MODULE PLACED IN music.OBJ
COMPILER INVOKED BY: F:\Keil\C51\BIN\C51.EXE music.c BROWSE DEBUG OBJECTEXTEND

line level    source

*** WARNING C500 IN LINE 1 OF MUSIC.C: LICENSE ERROR (R208: RENEW LICENSE ID CODE (LIC))

   1          #include "STC15F2K60S2.H"   
   2          #define uchar unsigned char
   3          #define uint  unsigned int
   4          
   5          uint j=0;
   6          sbit beep=P3^4;
   7          
   8          uint reset[15]={0,1908,1701,1515,1433,1276,1136,1012,956,852,759,716,638,568,506};           // c调低音与中音1-
             -7 对应的定时器重装值 
   9                        //0   1    2    3    4    5    6    7    1  2   3   4   5   6   7  
  10          xdata uchar music[204]={0,2, 10,1, 10,1, 10,1, 10,1, 12,1, 12,3, 0,4, 0,2, 9,1, 9,1, 10,1, 9,1.5, 0,7.5, 0
             -,2, 8,1, 8,1, 8,1, 8,1, 8,1, 10,2, 10,1, 10,1, 11,2, 10,3,
  11                                  0,8, 8,1, 8,1, 9,1, 8,1, 9,2, 0,2, 8,1, 8,2, 6,1, 6,1, 5,3, 0,8, 9,1, 9,1, 10,1, 1
             -1,1, 11,2, 0,2, 9,1, 8,1, 10,1, 9,0.5, 9,2, 0,6,
  12                                                      10,1, 10,1, 10,1, 10,1, 12,1, 12,3, 0,4, 10,1, 10,1, 12,1, 12,2,  10,1.5, 0,6, 8,1, 8,1, 8,1, 8,1
             -, 8,1, 10,2, 10,1, 0,1, 10,1, 10,1, 10,2, 10,1,
  13                                                      10,1, 11,1, 10,4, 0,6,  8,1, 8,1, 9,1, 8,1, 8,2, 6,1.5, 8,1,  8,2, 6,1, 5,3, 0,5, 9,1, 9,1, 10,1,
             - 11,1, 11,2, 0,1, 10,1, 9,1, 8,1,10,1, 9,1  };
  14                                                               //乐谱 格式为一个音调加持续的时长的组合
  15          
  16          void timer0() interrupt 1
  17          {
  18   1              beep=~beep;
  19   1      }
  20          
  21          
  22          void delay(uint t)                              //延时函数      延时 t ms
  23          {                                                                          
  24   1              uint z;  
  25   1              for(;t>0;t--)   
  26   1              for(z=800;z>0;z--) 
  27   1                      ;                                                                       
  28   1      }
  29          
  30          void play()
  31          {
  32   1              if(reset[music[j]]!=0)                       //读取到不为0的某音调时，改变定时器0的初值，从而发出对应频率的方波给蜂鸣器
  33   1              {
  34   2              TR0=1;                                                           
  35   2              TH0=(65536-reset[music[j]])/256;
  36   2              TL0=(65536-reset[music[j]])%256;
  37   2              }
  38   1              else{TR0=0;}                                             
  39   1              delay(180*music[++j]);               //延迟某音调对应的时长
  40   1              TR0=0;
  41   1              delay(60*music[j]);                                      //乐谱中组合之间的小延迟
  42   1              j++;
  43   1          if(j==204)                                                   //唱完歌后延迟5s 继续唱该歌曲
  44   1              {j=0;delay(5000);}
  45   1      }
  46          
  47          main()
  48          {       
  49   1          P3M0=0x10;                                                    //推挽输出
C51 COMPILER V9.01   MUSIC                                                                 08/11/2016 16:47:00 PAGE 2   

  50   1              P3M1=0x00;
  51   1          EA=1;                                                                 //开启定时器中断
  52   1          ET0=1;
  53   1              TR0=1;
  54   1              beep=0;
  55   1              while(1){play();}
  56   1      }
  57          


MODULE INFORMATION:   STATIC OVERLAYABLE
   CODE SIZE        =    248    ----
   CONSTANT SIZE    =   ----    ----
   XDATA SIZE       =    204    ----
   PDATA SIZE       =   ----    ----
   DATA SIZE        =     32    ----
   IDATA SIZE       =   ----    ----
   BIT SIZE         =   ----    ----
END OF MODULE INFORMATION.


C51 COMPILATION COMPLETE.  1 WARNING(S),  0 ERROR(S)
