C51 COMPILER V9.51   VIBRATE                                                               04/24/2019 09:12:00 PAGE 1   


C51 COMPILER V9.51, COMPILATION OF MODULE VIBRATE
OBJECT MODULE PLACED IN vibrate.OBJ
COMPILER INVOKED BY: d:\Keil\C51\BIN\C51.EXE vibrate.c BROWSE DEBUG OBJECTEXTEND TABS(2)

line level    source

   1          /**********************
   2          myVib 振动传感器
   3          型号:STC15F2K60S2 主频:11.0592MHz
   4          ************************/
   5          #include <STC15F2K60S2.h>
   6          #include <intrins.h>      //_nop_();
   7          #define uchar unsigned char
   8          
   9          uchar code arrLed[] = {0x00, 0x01, 0x03, 0x07, 0x0f, 0x1f, 0x3f, 0x7f, 0xff}; //Led值
  10          /*---------引脚别名定义---------*/
  11          sbit sbtVib = P2 ^ 4;     //振动传感器
  12          sbit sbtLedSel = P2 ^ 3;  //数码管与LED灯切换引脚
  13          
  14          /*---------延时函数---------*/
  15          void Delay40ms()        //延时40ms@11.0592MHz
  16          {
  17   1          unsigned char i, j, k;
  18   1          _nop_();
  19   1          _nop_();
  20   1          i = 2;
  21   1          j = 175;
  22   1          k = 75;
  23   1          do
  24   1          {
  25   2              do
  26   2              {
  27   3                  while ( --k );
  28   3              }
  29   2              while ( --j );
  30   2          }
  31   1          while ( --i );
  32   1      }
  33          
  34          /*---------初始化函数---------*/
  35          void Init()
  36          {
  37   1          P0M0 = 0xff;
  38   1          P0M1 = 0x00;
  39   1          P2M0 = 0x08;    //P2.3口推挽输出
  40   1          P2M1 = 0x00;
  41   1          sbtLedSel = 1;
  42   1      }
  43          
  44          /*---------主函数---------*/
  45          void main()
  46          {
  47   1          uchar i = 0;
  48   1          Init();
  49   1          sbtVib = 1;
  50   1          P0 = 0x00;                  //初始LED灯为灭
  51   1          while( 1 )
  52   1          {
  53   2              if( sbtVib == 0 )      //若检测到低电平说明振动发生，点亮LED
  54   2              {
  55   3                  i = 0;
C51 COMPILER V9.51   VIBRATE                                                               04/24/2019 09:12:00 PAGE 2   

  56   3                  while( i < 9 )
  57   3                  {
  58   4                      P0 = arrLed[i];
  59   4                      Delay40ms();    //延时
  60   4                      i++;
  61   4                  }
  62   3              }
  63   2              else
  64   2                  P0 = 0x00;
  65   2          }
  66   1      }


MODULE INFORMATION:   STATIC OVERLAYABLE
   CODE SIZE        =     68    ----
   CONSTANT SIZE    =      9    ----
   XDATA SIZE       =   ----    ----
   PDATA SIZE       =   ----    ----
   DATA SIZE        =   ----    ----
   IDATA SIZE       =   ----    ----
   BIT SIZE         =   ----    ----
END OF MODULE INFORMATION.


C51 COMPILATION COMPLETE.  0 WARNING(S),  0 ERROR(S)
