C51 COMPILER V9.51   BUZZER                                                                04/24/2019 09:21:50 PAGE 1   


C51 COMPILER V9.51, COMPILATION OF MODULE BUZZER
OBJECT MODULE PLACED IN buzzer.OBJ
COMPILER INVOKED BY: d:\Keil\C51\BIN\C51.EXE buzzer.c BROWSE DEBUG OBJECTEXTEND TABS(2)

line level    source

   1          /**********************
   2          myBeep 蜂鸣器测试
   3          型号:STC15F2K60S2 主频:11.0592MHz
   4          ************************/
   5          #include <STC15F2K60S2.H>
   6          #define uint  unsigned int
   7          #define uchar unsigned char
   8          
   9          /*---------引脚别名定义---------*/
  10          sbit sbtBeep = P3 ^ 4;                  //蜂鸣器引脚
  11          sbit sbtKey1 = P3 ^ 2;                  //按键1引脚
  12          
  13          /*---------变量定义---------*/
  14          bit btBeepFlag;                        //控制蜂鸣器开关的标志位
  15          
  16          /*---------初始化函数--------*/
  17          void init()
  18          {
  19   1          P3M1 = 0x00;
  20   1          P3M0 = 0x10;                  //设置P3^4为推挽模式
  21   1      
  22   1          TMOD = 0x00;                  //设置定时器0，工作方式0，16位自动重装定时器
  23   1          TH0 = 0xff;                   //设定定时器0的初值
  24   1          TL0 = 0x03;
  25   1          EA = 1;                       //打开总中断
  26   1          ET0 = 1;                      //打开定时器0中断允许位
  27   1          TR0 = 1;
  28   1      
  29   1          btBeepFlag = 0;                //标志位置1
  30   1          P0 = 0x00;                    //关闭P0端口
  31   1          sbtBeep = 0;                  //蜂鸣器引脚置0，以保护蜂鸣器
  32   1      }
  33          
  34          /*---------延时子函数--------*/
  35          void delay( uint xms )
  36          {
  37   1          uchar i;
  38   1          for( ; xms > 0; xms-- )
  39   1              for( i = 114; i > 0; i-- )
  40   1              {
  41   2                  ;
  42   2              }
  43   1      }
  44          
  45          /*---------主函数--------*/
  46          void main()
  47          {
  48   1          init();
  49   1          while( 1 )
  50   1          {
  51   2              if( sbtKey1 == 0 )
  52   2              {
  53   3                  delay( 10 );                     //延时消抖
  54   3                  if( sbtKey1 == 0 )
  55   3                  {
C51 COMPILER V9.51   BUZZER                                                                04/24/2019 09:21:50 PAGE 2   

  56   4                      while( !sbtKey1 );
  57   4                      btBeepFlag = ~btBeepFlag;    //蜂鸣器开关标志位翻转
  58   4                  }
  59   3              }
  60   2          }
  61   1      }
  62          
  63          /*---------T0定时器中断服务处理函数--------*/
  64          void T0_Process() interrupt 1
  65          {
  66   1          if( btBeepFlag )
  67   1          {
  68   2              sbtBeep = ~sbtBeep;            //产生方波使得蜂鸣器发声
  69   2          }
  70   1          else
  71   1          {
  72   2              sbtBeep = 0;                  //停止发声，并将sbtBeep端口置于低电平
  73   2          }
  74   1      }


MODULE INFORMATION:   STATIC OVERLAYABLE
   CODE SIZE        =     80    ----
   CONSTANT SIZE    =   ----    ----
   XDATA SIZE       =   ----    ----
   PDATA SIZE       =   ----    ----
   DATA SIZE        =   ----    ----
   IDATA SIZE       =   ----    ----
   BIT SIZE         =      1    ----
END OF MODULE INFORMATION.


C51 COMPILATION COMPLETE.  0 WARNING(S),  0 ERROR(S)
