C51 COMPILER V9.51   485MC                                                                 04/24/2019 15:03:58 PAGE 1   


C51 COMPILER V9.51, COMPILATION OF MODULE 485MC
OBJECT MODULE PLACED IN 485MC.OBJ
COMPILER INVOKED BY: d:\Keil\C51\BIN\C51.EXE 485MC.c BROWSE DEBUG OBJECTEXTEND TABS(2)

line level    source

   1          /**********************
   2          myM485 485双机通信例程测试
   3          型号:STC15F2K60S2 主频:11.0592MHz
   4          ************************/
   5          #include <STC15F2K60S2.H>
   6          #include <intrins.h>
   7          #define uint  unsigned int
   8          #define uchar unsigned char
   9          #define ulong unsigned long
  10          
  11          /*---------宏定义---------*/
  12          #define cstUart2Ri  0x01                        //接收中断请求标志位
  13          #define cstUart2Ti  0x02                        //发送中断请求标志位
  14          
  15          #define cstNoneParity           0           //无校验
  16          #define PARITYBIT cstNoneParity         //定义校验位
  17          
  18          /*串口波特率相关*/
  19          #define cstFosc 11059200L               //系统时钟频率 
  20          #define cstBaud2    9600                    //串口波特率    
  21          #define cstT2HL     (65536-(cstFosc/4/cstBaud2))    //定时器初始时间
  22          
  23          /*---------引脚别名定义---------*/
  24          sbit sbtKey1 = P3 ^ 2 ;                 //启动发送
  25          sbit sbtKey2 = P3 ^ 3 ;                 //数字减少
  26          sbit sbtKey3 = P1 ^ 7 ;                 //数字增加
  27          
  28          sbit sbtSel0 = P2 ^ 0 ;
  29          sbit sbtSel1 = P2 ^ 1 ;
  30          sbit sbtSel2 = P2 ^ 2 ;
  31          sbit sbtLedSel = P2 ^ 3 ;
  32          
  33          sbit sbtM485_TRN  = P3 ^ 7 ;   //定义MAX485使能引脚，为1时发送，为0时接收
  34          
  35          /*---------变量定义---------*/
  36          bit btSendBusy ;                            //为1时忙（发送数据），为0时闲
  37          uchar ucGetDataTmp ;          //接收数据暂存
  38          uchar ucPutDataTmp ;          //发送数据暂存
  39          uchar arrSegSelect[] = {0x3f, 0x06, 0x5b, 0x4f, 0x66,
  40                                  0x6d, 0x7d, 0x07, 0x7f, 0x6f,
  41                                  0x77, 0x7c, 0x39, 0x5e, 0x79,
  42                                  0x71, 0x40, 0x00
  43                                 };   //段选，显示0-f
  44          
  45          /*---------串口2初始化及波特率发生函数---------*/
  46          void Uart2Init( void )
  47          {
  48   1          S2CON = 0x10 ;      //定义无校验位，允许串行口2接收
  49   1          T2L = cstT2HL ;             //设置波特率重装值
  50   1          T2H = cstT2HL >> 8 ;
  51   1          AUXR |= 0x14 ;      //T2为1T模式，并启动定时器2
  52   1      }
  53          
  54          /*---------系统硬件、变量初始化函数---------*/
  55          void Init()
C51 COMPILER V9.51   485MC                                                                 04/24/2019 15:03:58 PAGE 2   

  56          {
  57   1          P0M0 = 0xff ;       //P0口推挽（放大电流）
  58   1          P0M1 = 0x00 ;
  59   1          P2M0 = 0x0f ;       //P2.0―~P2.3口推挽
  60   1          P2M1 = 0x00 ;
  61   1          P3M0 = 0x00 ;
  62   1          P3M1 = 0x00 ;
  63   1          P1M0 = 0x00 ;
  64   1          P1M1 = 0x00 ;       //P1、P3准双向口
  65   1          //外部中断0
  66   1          IT0 = 1 ;           //下降沿触发中断（为0则下降沿和上升沿均会触发中断）
  67   1          EX0 = 1 ;           //允许外部中断0
  68   1          PX0 = 0 ;           //外部中断：低优先级
  69   1          //485初始化  波特率生成
  70   1          sbtM485_TRN = 0 ;       //初始为接收状态
  71   1          P_SW2 |= 0x01 ;     //切换串口2的管脚到P4.6,P4.7
  72   1          Uart2Init() ;
  73   1          btSendBusy = 1 ;
  74   1          IE2 |= 0x01 ;       //开串行口2中断
  75   1          IP2 |= 0x01 ;       //设置串行口中断：高优先级
  76   1          EA = 1 ;            //开总中断
  77   1          //数码管选择
  78   1          sbtLedSel = 0 ;     //开启数码管显示
  79   1          sbtSel0 = 1 ;
  80   1          sbtSel1 = 1 ;
  81   1          sbtSel2 = 1 ;           //选择第八位数码管显示
  82   1          ucPutDataTmp = 0 ;
  83   1      }
  84          
  85          /*---------延时函数---------*/
  86          void delay( void )
  87          {
  88   1          uchar i, j;
  89   1          for( i = 0; i < 255; i++ )
  90   1              for( j = 0; j < 255; j++ )
  91   1                  ;
  92   1      }
  93          
  94          /*---------串口2中断处理程序---------*/
  95          void Uart2_Process( void ) interrupt 8 using 1
  96          {
  97   1          if( S2CON & cstUart2Ri )
  98   1          {
  99   2              ucGetDataTmp = S2BUF ;
 100   2              ucPutDataTmp = ucGetDataTmp ;
 101   2              S2CON &= ~cstUart2Ri;   //接收中断标志位清0
 102   2          }
 103   1          if( S2CON & cstUart2Ti )
 104   1          {
 105   2              btSendBusy = 0 ;            //清除忙信号
 106   2              S2CON &= ~cstUart2Ti ;      //发送中断标志位清0
 107   2          }
 108   1      }
 109          
 110          /*---------外部中断0处理程序---------*/
 111          void ExInt0_Process() interrupt 0
 112          {
 113   1          sbtM485_TRN = 1 ;
 114   1          S2BUF = ucPutDataTmp ;
 115   1          while( btSendBusy ) ;
 116   1          btSendBusy = 1 ;
 117   1          sbtM485_TRN = 0 ;
C51 COMPILER V9.51   485MC                                                                 04/24/2019 15:03:58 PAGE 3   

 118   1      }
 119          
 120          /*---------主函数---------*/
 121          void main( void )
 122          {
 123   1          Init() ;
 124   1          while( 1 )
 125   1          {
 126   2              ucPutDataTmp %= 16 ;
 127   2              P0 = arrSegSelect[ucPutDataTmp] ;
 128   2      
 129   2              if( sbtKey3 == 0 )
 130   2              {
 131   3                  delay();
 132   3                  if( sbtKey3 == 0 )
 133   3                  {
 134   4                      while( !sbtKey3 );
 135   4                      ucPutDataTmp++ ;
 136   4                  }
 137   3              }
 138   2              if( sbtKey2 == 0 )
 139   2              {
 140   3                  delay();
 141   3                  if( sbtKey2 == 0 )
 142   3                  {
 143   4                      while( !sbtKey2 );
 144   4                      ucPutDataTmp-- ;
 145   4                  }
 146   3              }
 147   2          }
 148   1      }


MODULE INFORMATION:   STATIC OVERLAYABLE
   CODE SIZE        =    166    ----
   CONSTANT SIZE    =   ----    ----
   XDATA SIZE       =   ----    ----
   PDATA SIZE       =   ----    ----
   DATA SIZE        =     20    ----
   IDATA SIZE       =   ----    ----
   BIT SIZE         =      1    ----
END OF MODULE INFORMATION.


C51 COMPILATION COMPLETE.  0 WARNING(S),  0 ERROR(S)
