C51 COMPILER V9.51   SHUMAGUAN                                                             08/13/2016 13:52:32 PAGE 1   


C51 COMPILER V9.51, COMPILATION OF MODULE SHUMAGUAN
OBJECT MODULE PLACED IN shumaguan.OBJ
COMPILER INVOKED BY: D:\Keil\C51\BIN\C51.EXE shumaguan.c BROWSE DEBUG OBJECTEXTEND

line level    source

   1          #include <STC15F2K60S2.h>
   2          #define uint unsigned int
   3          #define uchar unsigned char
   4          
   5          uint i=0;
   6          uchar duanxuan[]={0x3f,0x06,0x5b,0x4f,0x66,0x6d,0x7d,0x07,0x7f}; //显示0-8
   7          uchar weixuan[]={0x00,0x01,0x02,0x03,0x04,0x05,0x06,0x07};                       //数码管0-7
   8          
   9          void Delay(int n)                               //延时函数
  10          {
  11   1              while(n--);
  12   1      }
  13          
  14          void main()
  15          {
  16   1              P2M0=0xff;                                      //设置推挽输出
  17   1              P2M1=0x00;
  18   1          P0M0=0xff;
  19   1          P0M1=0x00;
  20   1      
  21   1              while(1)
  22   1              {
  23   2                      for(i=0;i<8;i++)
  24   2                      {
  25   3                              P0=0;
  26   3                              P2=weixuan[i];          //选择数码管的位数
  27   3                              P0=duanxuan[i+1];       //显示对应的数值
  28   3                              Delay(600);
  29   3                      }
  30   2              }
  31   1      }


MODULE INFORMATION:   STATIC OVERLAYABLE
   CODE SIZE        =     72    ----
   CONSTANT SIZE    =   ----    ----
   XDATA SIZE       =   ----    ----
   PDATA SIZE       =   ----    ----
   DATA SIZE        =     19    ----
   IDATA SIZE       =   ----    ----
   BIT SIZE         =   ----    ----
END OF MODULE INFORMATION.


C51 COMPILATION COMPLETE.  0 WARNING(S),  0 ERROR(S)
