C51 COMPILER V9.51   IR                                                                    04/24/2019 15:11:26 PAGE 1   


C51 COMPILER V9.51, COMPILATION OF MODULE IR
OBJECT MODULE PLACED IN ir.OBJ
COMPILER INVOKED BY: d:\Keil\C51\BIN\C51.EXE ir.c BROWSE DEBUG OBJECTEXTEND TABS(2)

line level    source

   1          /**********************
   2          myIr  红外通信测试
   3          型号:STC15F2K60S2 主频:11.0592MHz
   4          ************************/
   5          #include <STC15F2K60S2.H>
   6          #define uchar unsigned char
   7          /*---------引脚别名定义---------*/
   8          sbit sbtLedSel = P2 ^ 3;            //LED灯与数码管显示切换
   9          sbit sbtKey1 = P3 ^ 2;              //按键1 对应外部中断
  10          sbit sbtGetIr = P3 ^ 6;             //P3.6连接红外接收头
  11          sbit sbtPutIr = P3 ^ 5;             //P3.5连接红外线发光二极管
  12          
  13          /*---------变量定义---------*/
  14          uchar ucPutIrFlagN = 1;       //标记位，标记是否发送脉冲。0：发送、   1：不发送
  15          
  16          /*--------初始化定时器T0函数---------*/
  17          void InitT0()               //定时器T0初始化
  18          {
  19   1          AUXR |= 0x80;                   //1T
  20   1          TMOD &= 0xF0;                  //清除之前的设置
  21   1          TMOD |= 0x02;                  //设置为8位自动重装
  22   1          TL0 = 0x70;                     //定时器初始值
  23   1          TH0 = 0x70;                     //自动重装置
  24   1          TF0 = 0;                        //清除TF0标记
  25   1          TR0 = 1;                        //T0开始运行
  26   1      }
  27          
  28          /*--------延时函数---------*/
  29          void Delay()  //延时100ms
  30          {
  31   1          unsigned char i, j, k;
  32   1          i = 5;
  33   1          j = 52;
  34   1          k = 195;
  35   1          do
  36   1          {
  37   2              do
  38   2              {
  39   3                  while ( --k );
  40   3              }
  41   2              while ( --j );
  42   2          }
  43   1          while ( --i );
  44   1      }
  45          
  46          /*--------定时器0中断函数---------*/
  47          void T0_Processs() interrupt 1
  48          {
  49   1          if( ucPutIrFlagN == 0 )    //如果ucPutIrFlagN=0
  50   1              sbtPutIr = ~sbtPutIr; //P3.5根据定时器中断的频率产生翻转（频率设为38kHz）
  51   1          else
  52   1              sbtPutIr = 0;       //不发射
  53   1      }
  54          
  55          /*--------主函数---------*/
C51 COMPILER V9.51   IR                                                                    04/24/2019 15:11:26 PAGE 2   

  56          void main()
  57          {
  58   1          //设置推挽输出
  59   1          P0M0 = 0XFF;
  60   1          P0M1 = 0X00;
  61   1          P2M0 = 0XFF;
  62   1          P2M1 = 0X00;
  63   1      
  64   1          P0 = 0;             //初始化P0
  65   1          sbtLedSel = 1;       //选择LED发光
  66   1      
  67   1          InitT0();
  68   1          ET0 = 1;            //打开定时器T0中断
  69   1          EA = 1;             //打开总中断
  70   1      
  71   1          while( 1 )
  72   1          {
  73   2              P0 = !sbtGetIr;      //P0显示值
  74   2              while( !sbtKey1 )     //如果sbtKey1保存按下
  75   2              {
  76   3                  ucPutIrFlagN = 0;                   //发射红外线脉冲
  77   3                  Delay();
  78   3                  ucPutIrFlagN = 1;                   //不发射红外线脉冲
  79   3                  Delay();
  80   3              }
  81   2          }
  82   1      }


MODULE INFORMATION:   STATIC OVERLAYABLE
   CODE SIZE        =     98    ----
   CONSTANT SIZE    =   ----    ----
   XDATA SIZE       =   ----    ----
   PDATA SIZE       =   ----    ----
   DATA SIZE        =      1    ----
   IDATA SIZE       =   ----    ----
   BIT SIZE         =   ----    ----
END OF MODULE INFORMATION.


C51 COMPILATION COMPLETE.  0 WARNING(S),  0 ERROR(S)
