C51 COMPILER V9.51   LED                                                                   07/12/2021 22:09:11 PAGE 1   


C51 COMPILER V9.51, COMPILATION OF MODULE LED
OBJECT MODULE PLACED IN ..\..\..\..\led.obj
COMPILER INVOKED BY: D:\Keil\C51\BIN\C51.EXE led.c BROWSE DEBUG OBJECTEXTEND TABS(2) OBJECT(..\..\..\..\led.obj)

line level    source

   1          #include<STC15F2K60S2.H>
   2          #define uchar unsigned char
   3          #define uint unsigned int
   4          sbit led_sel=P2^3;//P2^3----E3
   5          uchar led;
   6          
   7          void Init(){
   8   1      
   9   1        P0M1=0x00;
  10   1        P0M0=0xff;
  11   1      
  12   1        P2M1=0x00;
  13   1        P2M0=0x08;
  14   1      
  15   1        led_sel=1;  
  16   1      }
  17          
  18          //延时函数可以在STC-ISP中通过“软件延时计算器”功能自动生成指定演示时间的延时函数代码
  19          //下为生成1ms的延时函数，通过传入参数n，函数可以延时n毫秒
  20          void delay_ms(uint n)   
  21          {
  22   1        while(n){
  23   2        uchar i, j;
  24   2        i = 11;
  25   2        j = 190;
  26   2        do
  27   2        {
  28   3          while (--j);
  29   3        } while (--i);
  30   2        n--;
  31   2      }
  32   1      }
  33          
  34          void Delay200ms()   //@11.0592MHz
  35          {
  36   1        unsigned char i, j, k;
  37   1      
  38   1        //_nop_();
  39   1        //_nop_();
  40   1        i = 9;
  41   1        j = 104;
  42   1        k = 139;
  43   1        do
  44   1        {
  45   2          do
  46   2          {
  47   3            while (--k);
  48   3          } while (--j);
  49   2        } while (--i);
  50   1      }
  51          
  52          
  53          void main()
  54          {
  55   1        Init();
C51 COMPILER V9.51   LED                                                                   07/12/2021 22:09:11 PAGE 2   

  56   1        led=0x01;
  57   1        while(1)
  58   1        {
  59   2          P0=led;
  60   2          //delay_ms(200);
  61   2          Delay200ms(); //延时200ms 
  62   2          if(led==0x80)
  63   2            led=0x01;
  64   2          else
  65   2            led=led<<1;
  66   2        }
  67   1        
  68   1      }


MODULE INFORMATION:   STATIC OVERLAYABLE
   CODE SIZE        =     80    ----
   CONSTANT SIZE    =   ----    ----
   XDATA SIZE       =   ----    ----
   PDATA SIZE       =   ----    ----
   DATA SIZE        =      1       2
   IDATA SIZE       =   ----    ----
   BIT SIZE         =   ----    ----
END OF MODULE INFORMATION.


C51 COMPILATION COMPLETE.  0 WARNING(S),  0 ERROR(S)
