C51 COMPILER V9.51   KAIGUAN                                                               08/11/2016 10:41:29 PAGE 1   


C51 COMPILER V9.51, COMPILATION OF MODULE KAIGUAN
OBJECT MODULE PLACED IN kaiguan.OBJ
COMPILER INVOKED BY: C:\Keil\C51\BIN\C51.EXE kaiguan.c BROWSE DEBUG OBJECTEXTEND TABS(2)

line level    source

   1          #include "STC15F2K60S2.H"
   2          /**************************
   3          引脚别名定义如下：
   4          **************************/
   5          
   6          sbit LED_SEL=P2^3;
   7          /**************************
   8          定义变量如下：
   9          **************************/
  10          #define uint unsigned int
  11          #define ulint unsigned long
  12          //设置光照变量
  13          uint n=0;           //执行光的次数
  14          ulint sumn=0;       //光AD值得总和
  15          uint flag=0;        //开关标志位
  16          uint light_old=1;   //上一次光强
  17          uint light_new=1;   //当前光强
  18          uint time=0;        //延时
  19          
  20          
  21          //初始化光ADC
  22          void InitADC_light()
  23          {
  24   1        P1ASF=0xff;
  25   1        ADC_RES=0;//AD转换结果寄存器清零
  26   1        ADC_RESL=0;
  27   1        ADC_CONTR=0X8C;//10001100,打开AD转换电源，启动AD转换，后三位决定P1^4为AD转换输入
  28   1        CLK_DIV=0X20;//设置AD转换结果保存格式
  29   1      }
  30          
  31          //AD中断处理程序
  32          void adc_isr() interrupt 5 using 1
  33          {
  34   1        time++;
  35   1        IE=0x00;                      //关闭中断
  36   1        
  37   1        if(time>2500)
  38   1        {
  39   2            light_new=(sumn+n/2)/n;   //四舍五入
  40   2            sumn=0;
  41   2            n=0;
  42   2            time=0;
  43   2            if((light_old/light_new)>1.30)
  44   2            {           
  45   3              flag=~flag; 
  46   3            }
  47   2            time=0;  
  48   2            light_old=light_new; 
  49   2        }
  50   1      
  51   1        //处理光部分的数据
  52   1        n++;
  53   1        sumn+=ADC_RES*256+ADC_RESL;   //求n次AD值的和
  54   1      
  55   1        ADC_CONTR&=~0X10;            //转换完成后，ADC_FLAG清零
C51 COMPILER V9.51   KAIGUAN                                                               08/11/2016 10:41:29 PAGE 2   

  56   1        ADC_CONTR|=0X08;             //转换完成后，ADC_START赋1
  57   1        IE=0xa0;                     //打开中断，EA=1打开总中断，EADC=1打开AD中断
  58   1      }
  59          
  60          void main()
  61          { 
  62   1        P0M1=0x00;            //设置P0为推挽模式，点亮数码管
  63   1        P0M0=0xff;
  64   1        P2M1=0x00;
  65   1        P2M0=0x08;            //将P2^3设置为推挽模式，其余为准双向口模式
  66   1        LED_SEL=1;                //熄灭LED灯
  67   1      
  68   1        IE=0xa0;              //打开中断，EA=1打开总中断，EADC=1打开AD中断
  69   1        
  70   1        InitADC_light();
  71   1        while(1)
  72   1        {
  73   2          P0=0x00;
  74   2          if(flag)
  75   2          {
  76   3            P0=0x55;
  77   3          }
  78   2        }
  79   1      }
  80          


MODULE INFORMATION:   STATIC OVERLAYABLE
   CODE SIZE        =    271    ----
   CONSTANT SIZE    =   ----    ----
   XDATA SIZE       =   ----    ----
   PDATA SIZE       =   ----    ----
   DATA SIZE        =     14    ----
   IDATA SIZE       =   ----    ----
   BIT SIZE         =   ----    ----
END OF MODULE INFORMATION.


C51 COMPILATION COMPLETE.  0 WARNING(S),  0 ERROR(S)
